

times in msec
 clock   self+sourced   self:  sourced script
 clock   elapsed:              other lines

000.006  000.006: --- NVIM STARTING ---
000.212  000.206: locale set
000.489  000.277: inits 1
000.499  000.010: window checked
003.939  003.440: parsing arguments
004.233  000.294: expanding arguments
004.278  000.045: inits 2
004.859  000.581: init highlight
004.861  000.002: waiting for UI
005.836  000.975: done waiting for UI
005.843  000.007: init screen for UI
005.866  000.023: init default mappings
005.959  000.092: init default autocommands
012.308  003.616  003.616: sourcing /home/oodake/.local/share/nvim/site/pack/packer/start/doom-one.nvim/colors/doom-one.lua
012.513  000.064  000.064: sourcing /usr/share/nvim/runtime/syntax/synload.vim
012.893  000.010  000.010: sourcing /home/oodake/.local/share/nvim/site/pack/packer/start/vim-polyglot/filetype.vim
018.167  000.012  000.012: sourcing /home/oodake/.local/share/nvim/site/pack/packer/start/nvim-treesitter/ftdetect/cooklang.vim
018.189  000.007  000.007: sourcing /home/oodake/.local/share/nvim/site/pack/packer/start/nvim-treesitter/ftdetect/fusion.vim
018.207  000.010  000.010: sourcing /home/oodake/.local/share/nvim/site/pack/packer/start/nvim-treesitter/ftdetect/gdresource.vim
018.220  000.006  000.006: sourcing /home/oodake/.local/share/nvim/site/pack/packer/start/nvim-treesitter/ftdetect/gdscript.vim
018.233  000.006  000.006: sourcing /home/oodake/.local/share/nvim/site/pack/packer/start/nvim-treesitter/ftdetect/glimmer.vim
018.248  000.007  000.007: sourcing /home/oodake/.local/share/nvim/site/pack/packer/start/nvim-treesitter/ftdetect/glsl.vim
018.261  000.006  000.006: sourcing /home/oodake/.local/share/nvim/site/pack/packer/start/nvim-treesitter/ftdetect/gowork.vim
018.285  000.015  000.015: sourcing /home/oodake/.local/share/nvim/site/pack/packer/start/nvim-treesitter/ftdetect/graphql.vim
018.302  000.009  000.009: sourcing /home/oodake/.local/share/nvim/site/pack/packer/start/nvim-treesitter/ftdetect/hack.vim
018.319  000.010  000.010: sourcing /home/oodake/.local/share/nvim/site/pack/packer/start/nvim-treesitter/ftdetect/hcl.vim
018.333  000.006  000.006: sourcing /home/oodake/.local/share/nvim/site/pack/packer/start/nvim-treesitter/ftdetect/heex.vim
018.348  000.007  000.007: sourcing /home/oodake/.local/share/nvim/site/pack/packer/start/nvim-treesitter/ftdetect/hjson.vim
018.360  000.006  000.006: sourcing /home/oodake/.local/share/nvim/site/pack/packer/start/nvim-treesitter/ftdetect/json5.vim
018.377  000.009  000.009: sourcing /home/oodake/.local/share/nvim/site/pack/packer/start/nvim-treesitter/ftdetect/ledger.vim
018.390  000.006  000.006: sourcing /home/oodake/.local/share/nvim/site/pack/packer/start/nvim-treesitter/ftdetect/nix.vim
018.405  000.008  000.008: sourcing /home/oodake/.local/share/nvim/site/pack/packer/start/nvim-treesitter/ftdetect/prisma.vim
018.419  000.007  000.007: sourcing /home/oodake/.local/share/nvim/site/pack/packer/start/nvim-treesitter/ftdetect/pug.vim
018.433  000.007  000.007: sourcing /home/oodake/.local/share/nvim/site/pack/packer/start/nvim-treesitter/ftdetect/ql.vim
018.460  000.017  000.017: sourcing /home/oodake/.local/share/nvim/site/pack/packer/start/nvim-treesitter/ftdetect/query.vim
018.474  000.007  000.007: sourcing /home/oodake/.local/share/nvim/site/pack/packer/start/nvim-treesitter/ftdetect/surface.vim
018.489  000.008  000.008: sourcing /home/oodake/.local/share/nvim/site/pack/packer/start/nvim-treesitter/ftdetect/teal.vim
018.502  000.006  000.006: sourcing /home/oodake/.local/share/nvim/site/pack/packer/start/nvim-treesitter/ftdetect/tlaplus.vim
018.515  000.006  000.006: sourcing /home/oodake/.local/share/nvim/site/pack/packer/start/nvim-treesitter/ftdetect/yang.vim
018.581  000.011  000.011: sourcing /home/oodake/.local/share/nvim/site/pack/packer/start/vim-polyglot/ftdetect/polyglot.vim
018.807  005.892  005.693: sourcing /usr/share/nvim/runtime/filetype.vim
018.940  000.008  000.008: sourcing /home/oodake/.local/share/nvim/site/pack/packer/start/nvim-treesitter/ftdetect/cooklang.vim
018.954  000.006  000.006: sourcing /home/oodake/.local/share/nvim/site/pack/packer/start/nvim-treesitter/ftdetect/fusion.vim
019.022  000.015  000.015: sourcing /home/oodake/.local/share/nvim/site/pack/packer/start/nvim-treesitter/ftdetect/gdresource.vim
019.036  000.006  000.006: sourcing /home/oodake/.local/share/nvim/site/pack/packer/start/nvim-treesitter/ftdetect/gdscript.vim
019.048  000.005  000.005: sourcing /home/oodake/.local/share/nvim/site/pack/packer/start/nvim-treesitter/ftdetect/glimmer.vim
019.059  000.005  000.005: sourcing /home/oodake/.local/share/nvim/site/pack/packer/start/nvim-treesitter/ftdetect/glsl.vim
019.085  000.020  000.020: sourcing /home/oodake/.local/share/nvim/site/pack/packer/start/nvim-treesitter/ftdetect/gowork.vim
019.101  000.009  000.009: sourcing /home/oodake/.local/share/nvim/site/pack/packer/start/nvim-treesitter/ftdetect/graphql.vim
019.129  000.008  000.008: sourcing /home/oodake/.local/share/nvim/site/pack/packer/start/nvim-treesitter/ftdetect/hack.vim
019.146  000.010  000.010: sourcing /home/oodake/.local/share/nvim/site/pack/packer/start/nvim-treesitter/ftdetect/hcl.vim
019.157  000.005  000.005: sourcing /home/oodake/.local/share/nvim/site/pack/packer/start/nvim-treesitter/ftdetect/heex.vim
019.169  000.005  000.005: sourcing /home/oodake/.local/share/nvim/site/pack/packer/start/nvim-treesitter/ftdetect/hjson.vim
019.180  000.005  000.005: sourcing /home/oodake/.local/share/nvim/site/pack/packer/start/nvim-treesitter/ftdetect/json5.vim
019.196  000.010  000.010: sourcing /home/oodake/.local/share/nvim/site/pack/packer/start/nvim-treesitter/ftdetect/ledger.vim
019.208  000.005  000.005: sourcing /home/oodake/.local/share/nvim/site/pack/packer/start/nvim-treesitter/ftdetect/nix.vim
019.220  000.006  000.006: sourcing /home/oodake/.local/share/nvim/site/pack/packer/start/nvim-treesitter/ftdetect/prisma.vim
019.232  000.005  000.005: sourcing /home/oodake/.local/share/nvim/site/pack/packer/start/nvim-treesitter/ftdetect/pug.vim
019.244  000.006  000.006: sourcing /home/oodake/.local/share/nvim/site/pack/packer/start/nvim-treesitter/ftdetect/ql.vim
019.262  000.012  000.012: sourcing /home/oodake/.local/share/nvim/site/pack/packer/start/nvim-treesitter/ftdetect/query.vim
019.275  000.006  000.006: sourcing /home/oodake/.local/share/nvim/site/pack/packer/start/nvim-treesitter/ftdetect/surface.vim
019.286  000.005  000.005: sourcing /home/oodake/.local/share/nvim/site/pack/packer/start/nvim-treesitter/ftdetect/teal.vim
019.297  000.005  000.005: sourcing /home/oodake/.local/share/nvim/site/pack/packer/start/nvim-treesitter/ftdetect/tlaplus.vim
019.308  000.005  000.005: sourcing /home/oodake/.local/share/nvim/site/pack/packer/start/nvim-treesitter/ftdetect/yang.vim
019.365  000.007  000.007: sourcing /home/oodake/.local/share/nvim/site/pack/packer/start/vim-polyglot/ftdetect/polyglot.vim
031.810  019.202  013.118: sourcing /home/oodake/.local/share/nvim/site/pack/packer/start/vim-polyglot/autoload/polyglot/init.vim
031.837  019.279  000.077: sourcing /home/oodake/.local/share/nvim/site/pack/packer/start/vim-polyglot/filetype.vim
031.895  000.013  000.013: sourcing /usr/share/nvim/runtime/filetype.vim
032.972  000.306  000.306: sourcing /home/oodake/.local/share/nvim/site/pack/packer/start/vim-polyglot/autoload/polyglot/shebang.vim
033.824  000.308  000.308: sourcing /usr/share/nvim/runtime/scripts.vim
033.853  021.477  001.507: sourcing /usr/share/nvim/runtime/syntax/syntax.vim
033.910  000.008  000.008: sourcing /home/oodake/.local/share/nvim/site/pack/packer/start/vim-polyglot/filetype.vim
033.937  000.007  000.007: sourcing /usr/share/nvim/runtime/filetype.vim
034.010  000.022  000.022: sourcing /usr/share/nvim/runtime/ftplugin.vim
034.080  000.019  000.019: sourcing /usr/share/nvim/runtime/indent.vim
034.208  028.221  003.071: sourcing /home/oodake/.config/nvim/init.lua
034.215  000.035: sourcing vimrc file(s)
035.184  000.708  000.708: sourcing /home/oodake/.local/share/nvim/site/pack/packer/start/vim-polyglot/plugin/polyglot.vim
035.770  000.475  000.475: sourcing /usr/share/nvim/runtime/plugin/gzip.vim
035.861  000.013  000.013: sourcing /usr/share/nvim/runtime/plugin/health.vim
036.074  000.205  000.205: sourcing /usr/share/nvim/runtime/plugin/man.vim
036.760  000.412  000.412: sourcing /usr/share/nvim/runtime/pack/dist/opt/matchit/plugin/matchit.vim
036.924  000.826  000.414: sourcing /usr/share/nvim/runtime/plugin/matchit.vim
037.210  000.261  000.261: sourcing /usr/share/nvim/runtime/plugin/matchparen.vim
037.706  000.474  000.474: sourcing /usr/share/nvim/runtime/plugin/netrwPlugin.vim
037.824  000.006  000.006: sourcing /home/oodake/.local/share/nvim/rplugin.vim
037.829  000.101  000.095: sourcing /usr/share/nvim/runtime/plugin/rplugin.vim
037.954  000.115  000.115: sourcing /usr/share/nvim/runtime/plugin/shada.vim
037.992  000.019  000.019: sourcing /usr/share/nvim/runtime/plugin/spellfile.vim
038.130  000.124  000.124: sourcing /usr/share/nvim/runtime/plugin/tarPlugin.vim
038.197  000.052  000.052: sourcing /usr/share/nvim/runtime/plugin/tohtml.vim
038.222  000.013  000.013: sourcing /usr/share/nvim/runtime/plugin/tutor.vim
038.375  000.142  000.142: sourcing /usr/share/nvim/runtime/plugin/zipPlugin.vim
040.806  002.375  002.375: sourcing /home/oodake/.config/nvim/plugin/packer_compiled.lua
040.919  000.802: loading rtp plugins
041.274  000.226  000.226: sourcing /home/oodake/.local/share/nvim/site/pack/packer/start/auto-pairs/plugin/auto-pairs.vim
041.402  000.064  000.064: sourcing /home/oodake/.local/share/nvim/site/pack/packer/start/clever-f.vim/plugin/clever-f.vim
044.364  002.900  002.900: sourcing /home/oodake/.local/share/nvim/site/pack/packer/start/nvim-treesitter/plugin/nvim-treesitter.vim
045.020  000.572  000.572: sourcing /home/oodake/.local/share/nvim/site/pack/packer/start/quick-scope/plugin/quick_scope.vim
045.191  000.092  000.092: sourcing /home/oodake/.local/share/nvim/site/pack/packer/start/vim-commentary/plugin/commentary.vim
050.557  001.279  001.279: sourcing /home/oodake/.local/share/nvim/site/pack/packer/start/vim-easymotion/autoload/EasyMotion/highlight.vim
050.792  005.545  004.266: sourcing /home/oodake/.local/share/nvim/site/pack/packer/start/vim-easymotion/plugin/EasyMotion.vim
050.915  000.043  000.043: sourcing /home/oodake/.local/share/nvim/site/pack/packer/start/vim-edgemotion/plugin/edgemotion.vim
051.154  000.123  000.123: sourcing /home/oodake/.local/share/nvim/site/pack/packer/start/vim-expand-region/autoload/expand_region.vim
051.233  000.265  000.142: sourcing /home/oodake/.local/share/nvim/site/pack/packer/start/vim-expand-region/plugin/expand_region.vim
051.341  000.048  000.048: sourcing /home/oodake/.local/share/nvim/site/pack/packer/start/vim-niceblock/plugin/niceblock.vim
051.480  000.089  000.089: sourcing /home/oodake/.local/share/nvim/site/pack/packer/start/vim-polyglot/plugin/polyglot.vim
051.787  000.233  000.233: sourcing /home/oodake/.local/share/nvim/site/pack/packer/start/vim-rengbang/plugin/operator/rengbang.vim
051.858  000.055  000.055: sourcing /home/oodake/.local/share/nvim/site/pack/packer/start/vim-rengbang/plugin/rengbang.vim
052.043  000.106  000.106: sourcing /home/oodake/.local/share/nvim/site/pack/packer/start/vim-smoothie/plugin/smoothie.vim
052.355  000.258  000.258: sourcing /home/oodake/.local/share/nvim/site/pack/packer/start/vim-surround/plugin/surround.vim
052.602  000.185  000.185: sourcing /home/oodake/.local/share/nvim/site/pack/packer/start/wb-only-current-line.vim/plugin/wb_only_current_line.vim
052.725  001.125: loading packages
052.748  000.022: loading after plugins
052.757  000.009: inits 3
054.461  001.704: reading ShaDa
054.917  000.456: opening buffers
055.710  000.793: BufEnter autocommands
055.714  000.003: editing files in windows
056.571  000.043  000.043: sourcing /home/oodake/.local/share/nvim/site/pack/packer/opt/vim-matchup/autoload/matchup/unmatchit.vim
056.654  000.009  000.009: sourcing /usr/share/nvim/runtime/plugin/matchparen.vim
057.791  000.236  000.236: sourcing /home/oodake/.local/share/nvim/site/pack/packer/opt/vim-matchup/autoload/matchup.vim
057.998  000.101  000.101: sourcing /home/oodake/.local/share/nvim/site/pack/packer/opt/vim-matchup/autoload/matchup/perf.vim
059.130  000.337  000.337: sourcing /home/oodake/.local/share/nvim/site/pack/packer/opt/vim-matchup/autoload/matchup/loader.vim
060.239  000.670  000.670: sourcing /home/oodake/.local/share/nvim/site/pack/packer/opt/vim-matchup/autoload/matchup/matchparen.vim
063.130  007.099  005.704: sourcing /home/oodake/.local/share/nvim/site/pack/packer/opt/vim-matchup/plugin/matchup.vim
063.348  000.010  000.010: sourcing /home/oodake/.local/share/nvim/site/pack/packer/opt/vim-matchup/after/plugin/matchit.vim
064.343  000.280  000.280: sourcing /usr/share/nvim/runtime/scripts.vim
064.824  001.722: VimEnter autocommands
064.829  000.004: UIEnter autocommands
065.099  000.187  000.187: sourcing /usr/share/nvim/runtime/autoload/provider/clipboard.vim
065.106  000.090: before starting main loop
065.280  000.066  000.066: sourcing /home/oodake/.local/share/nvim/site/pack/packer/opt/vim-matchup/autoload/matchup/pos.vim
065.765  000.317  000.317: sourcing /home/oodake/.local/share/nvim/site/pack/packer/opt/vim-matchup/autoload/matchup/delim.vim
066.154  000.665: first screen update
066.157  000.003: --- NVIM STARTED ---
